22:04:54 [INFO] ━━━━━━━━━━━━━━━━━━━━━━━━━━━━━━━━━━━━━━━━━━━━━━━━━━━━━━━━━━━━
22:04:54 [INFO] IBGE/SIDRA Scraper — PAM Tabela 5457
22:04:54 [INFO] ━━━━━━━━━━━━━━━━━━━━━━━━━━━━━━━━━━━━━━━━━━━━━━━━━━━━━━━━━━━━
22:04:54 [INFO] Produtos  : ['soja', 'milho', 'algodao', 'amendoim', 'arroz', 'feijao', 'cafe', 'trigo', 'cana', 'mandioca', 'sorgo', 'girassol', 'aveia', 'cevada', 'triticale', 'laranja', 'banana', 'cacau', 'borracha', 'sisal']
22:04:54 [INFO] Anos      : [2019, 2020, 2021, 2022, 2023, 2024]
22:04:54 [INFO] Nível     : brasil  (n1/all)
22:04:54 [INFO] Saída     : C:\Users\Elbia\OneDrive\Área de Trabalho\AVALIACAO TECNICA  ANALISTA DE DADOS\agro-data-pipeline\dados_ibge
22:04:54 [INFO]   20 produto(s) em 3 bloco(s) de até 8
22:04:54 [INFO]   Bloco 1/3: soja, milho, algodao, amendoim, arroz, feijao, cafe, trigo
22:04:54 [INFO]   URL: https://apisidra.ibge.gov.br/values/t/5457/n1/all/v/214,215,112,216/p/2019,2020,2021,2022,2023,2024/c782/40124,40125,40126,40127,40128,40131,40132,40133
22:04:56 [INFO]   Resposta: 192 linhas brutas (+ 1 cabeçalho)
22:04:58 [INFO]   Bloco 2/3: cana, mandioca, sorgo, girassol, aveia, cevada, triticale, laranja
22:04:58 [INFO]   URL: https://apisidra.ibge.gov.br/values/t/5457/n1/all/v/214,215,112,216/p/2019,2020,2021,2022,2023,2024/c782/40135,40138,40141,40147,40148,40149,40150,40199
22:04:58 [INFO]   Resposta: 192 linhas brutas (+ 1 cabeçalho)
22:05:01 [INFO]   Bloco 3/3: banana, cacau, borracha, sisal
22:05:01 [INFO]   URL: https://apisidra.ibge.gov.br/values/t/5457/n1/all/v/214,215,112,216/p/2019,2020,2021,2022,2023,2024/c782/40186,40190,40218,40228
22:05:01 [INFO]   Resposta: 96 linhas brutas (+ 1 cabeçalho)
22:05:01 [INFO]   💾  dados_ibge\ibge_pam_brasil_soja_milho_algodao_amendoim_arroz_etc_20260322.csv  (72 linhas × 15 colunas)
22:05:02 [INFO] ✔  Concluído!
22:05:39 [INFO] ━━━━━━━━━━━━━━━━━━━━━━━━━━━━━━━━━━━━━━━━━━━━━━━━━━━━━━━━━━━━
22:05:39 [INFO] IBGE/SIDRA Scraper — PAM Tabela 5457
22:05:39 [INFO] ━━━━━━━━━━━━━━━━━━━━━━━━━━━━━━━━━━━━━━━━━━━━━━━━━━━━━━━━━━━━
22:05:39 [INFO] Produtos  : ['soja', 'milho', 'algodao', 'amendoim', 'arroz', 'feijao', 'cafe', 'trigo', 'cana', 'mandioca', 'sorgo', 'girassol', 'aveia', 'cevada', 'triticale', 'laranja', 'banana', 'cacau', 'borracha', 'sisal']
22:05:39 [INFO] Anos      : [2022, 2023, 2024]
22:05:39 [INFO] Nível     : uf  (n3/all)
22:05:39 [INFO] Saída     : C:\Users\Elbia\OneDrive\Área de Trabalho\AVALIACAO TECNICA  ANALISTA DE DADOS\agro-data-pipeline\dados_ibge
22:05:39 [INFO]   20 produto(s) em 3 bloco(s) de até 8
22:05:39 [INFO]   Bloco 1/3: soja, milho, algodao, amendoim, arroz, feijao, cafe, trigo
22:05:39 [INFO]   URL: https://apisidra.ibge.gov.br/values/t/5457/n3/all/v/214,215,112,216/p/2022,2023,2024/c782/40124,40125,40126,40127,40128,40131,40132,40133
22:05:41 [INFO]   Resposta: 2592 linhas brutas (+ 1 cabeçalho)
22:05:43 [INFO]   Bloco 2/3: cana, mandioca, sorgo, girassol, aveia, cevada, triticale, laranja
22:05:43 [INFO]   URL: https://apisidra.ibge.gov.br/values/t/5457/n3/all/v/214,215,112,216/p/2022,2023,2024/c782/40135,40138,40141,40147,40148,40149,40150,40199
22:05:44 [INFO]   Resposta: 2592 linhas brutas (+ 1 cabeçalho)
22:05:45 [INFO]   Bloco 3/3: banana, cacau, borracha, sisal
22:05:45 [INFO]   URL: https://apisidra.ibge.gov.br/values/t/5457/n3/all/v/214,215,112,216/p/2022,2023,2024/c782/40186,40190,40218,40228
22:05:45 [INFO]   Resposta: 1296 linhas brutas (+ 1 cabeçalho)
22:05:46 [INFO]   💾  dados_ibge\ibge_pam_uf_soja_milho_algodao_amendoim_arroz_etc_20260322.csv  (440 linhas × 15 colunas)
22:05:46 [INFO] ✔  Concluído!
22:06:04 [INFO] ━━━━━━━━━━━━━━━━━━━━━━━━━━━━━━━━━━━━━━━━━━━━━━━━━━━━━━━━━━━━
22:06:04 [INFO] IBGE/SIDRA Scraper — PAM Tabela 5457
22:06:04 [INFO] ━━━━━━━━━━━━━━━━━━━━━━━━━━━━━━━━━━━━━━━━━━━━━━━━━━━━━━━━━━━━
22:06:04 [INFO] Produtos  : ['soja', 'milho', 'algodao', 'amendoim', 'arroz', 'feijao', 'cafe', 'trigo', 'cana', 'mandioca', 'sorgo', 'girassol', 'aveia', 'cevada', 'triticale', 'laranja', 'banana', 'cacau', 'borracha', 'sisal']
22:06:04 [INFO] Anos      : [2023, 2024]
22:06:04 [INFO] Nível     : municipio  (n6/all)
22:06:04 [INFO] Saída     : C:\Users\Elbia\OneDrive\Área de Trabalho\AVALIACAO TECNICA  ANALISTA DE DADOS\agro-data-pipeline\dados_ibge
22:06:04 [INFO]   20 produto(s) em 3 bloco(s) de até 8
22:06:04 [INFO]   Bloco 1/3: soja, milho, algodao, amendoim, arroz, feijao, cafe, trigo
22:06:04 [INFO]   URL: https://apisidra.ibge.gov.br/values/t/5457/n6/all/v/214,215,112,216/p/2023,2024/c782/40124,40125,40126,40127,40128,40131,40132,40133
22:06:05 [ERROR]   HTTP 400: https://apisidra.ibge.gov.br/values/t/5457/n6/all/v/214,215,112,216/p/2023,2024/c782/40124,40125,40126,40127,40128,40131,40132,40133
22:06:05 [WARNING]   Bloco 1 sem resposta, continuando.
22:06:08 [INFO]   Bloco 2/3: cana, mandioca, sorgo, girassol, aveia, cevada, triticale, laranja
22:06:08 [INFO]   URL: https://apisidra.ibge.gov.br/values/t/5457/n6/all/v/214,215,112,216/p/2023,2024/c782/40135,40138,40141,40147,40148,40149,40150,40199
22:06:08 [ERROR]   HTTP 400: https://apisidra.ibge.gov.br/values/t/5457/n6/all/v/214,215,112,216/p/2023,2024/c782/40135,40138,40141,40147,40148,40149,40150,40199
22:06:08 [WARNING]   Bloco 2 sem resposta, continuando.
22:06:11 [INFO]   Bloco 3/3: banana, cacau, borracha, sisal
22:06:11 [INFO]   URL: https://apisidra.ibge.gov.br/values/t/5457/n6/all/v/214,215,112,216/p/2023,2024/c782/40186,40190,40218,40228
22:06:11 [ERROR]   HTTP 400: https://apisidra.ibge.gov.br/values/t/5457/n6/all/v/214,215,112,216/p/2023,2024/c782/40186,40190,40218,40228
22:06:11 [WARNING]   Bloco 3 sem resposta, continuando.
22:06:14 [ERROR] Nenhum dado coletado.
22:15:24 [INFO] =======================================================
22:15:24 [INFO] IBGE/SIDRA — PAM Tabela 5457
22:15:24 [INFO] Anos : [2023, 2024] | Nível: brasil | Saída: data\raw
22:15:24 [INFO] =======================================================
22:15:24 [INFO] Coletando 20 produtos em 3 blocos | anos: [2023, 2024] | nível: brasil
22:15:24 [INFO] Bloco 1/3: soja, milho, algodao, amendoim, arroz, feijao, cafe, trigo
22:15:24 [INFO]   GET https://apisidra.ibge.gov.br/values/t/5457/n1/all/v/214,215,112,216/p/2023,2024/c782/40124,40125,40126,40127,40128,40131,40132,40133
22:15:25 [INFO]   → 64 linhas recebidas
22:15:28 [INFO] Bloco 2/3: cana, mandioca, sorgo, girassol, aveia, cevada, triticale, laranja
22:15:28 [INFO]   GET https://apisidra.ibge.gov.br/values/t/5457/n1/all/v/214,215,112,216/p/2023,2024/c782/40135,40138,40141,40147,40148,40149,40150,40199
22:15:28 [INFO]   → 64 linhas recebidas
22:15:30 [INFO] Bloco 3/3: banana, cacau, borracha, sisal
22:15:30 [INFO]   GET https://apisidra.ibge.gov.br/values/t/5457/n1/all/v/214,215,112,216/p/2023,2024/c782/40186,40190,40218,40228
22:15:30 [INFO]   → 32 linhas recebidas
22:15:30 [INFO] Concluído.
22:23:18 [INFO] =======================================================
22:23:18 [INFO] IBGE/SIDRA — PAM Tabela 5457
22:23:18 [INFO] Anos : [2023, 2024] | Nível: brasil | Saída: data\raw
22:23:18 [INFO] =======================================================
22:23:18 [INFO] Coletando 20 produtos em 3 blocos | anos: [2023, 2024] | nível: brasil
22:23:18 [INFO] Bloco 1/3: soja, milho, algodao, amendoim, arroz, feijao, cafe, trigo
22:23:18 [INFO]   GET https://apisidra.ibge.gov.br/values/t/5457/n1/all/v/214,215,112,216/p/2023,2024/c782/40124,40125,40126,40127,40128,40131,40132,40133
22:23:20 [INFO]   → 64 linhas recebidas
22:23:23 [INFO] Bloco 2/3: cana, mandioca, sorgo, girassol, aveia, cevada, triticale, laranja
22:23:23 [INFO]   GET https://apisidra.ibge.gov.br/values/t/5457/n1/all/v/214,215,112,216/p/2023,2024/c782/40135,40138,40141,40147,40148,40149,40150,40199
22:23:23 [INFO]   → 64 linhas recebidas
22:23:25 [INFO] Bloco 3/3: banana, cacau, borracha, sisal
22:23:25 [INFO]   GET https://apisidra.ibge.gov.br/values/t/5457/n1/all/v/214,215,112,216/p/2023,2024/c782/40186,40190,40218,40228
22:23:25 [INFO]   → 32 linhas recebidas
22:23:26 [INFO] Concluído.
2026-03-22 22:34:22 [INFO] sidra — =======================================================
2026-03-22 22:34:22 [INFO] sidra — IBGE/SIDRA — PAM Tabela 5457
2026-03-22 22:34:22 [INFO] sidra — Anos    : [2023, 2024]
2026-03-22 22:34:22 [INFO] sidra — Nível   : brasil (n1/all)
2026-03-22 22:34:22 [INFO] sidra — Saída   : C:\Users\Elbia\OneDrive\Área de Trabalho\AVALIACAO TECNICA  ANALISTA DE DADOS\agro-data-pipeline\data\raw
2026-03-22 22:34:22 [INFO] sidra — =======================================================
2026-03-22 22:34:22 [INFO] sidra — Iniciando coleta — 20 produtos | 3 blocos | anos: [2023, 2024] | nível: brasil
2026-03-22 22:34:22 [INFO] sidra — Bloco 1/3: soja, milho, algodao, amendoim, arroz, feijao, cafe, trigo
2026-03-22 22:34:22 [DEBUG] sidra — GET https://apisidra.ibge.gov.br/values/t/5457/n1/all/v/214,215,112,216/p/2023,2024/c782/40124,40125,40126,40127,40128,40131,40132,40133
2026-03-22 22:34:24 [DEBUG] sidra — Resposta OK — 19249 bytes
2026-03-22 22:34:24 [DEBUG] sidra — parse_sidra: 64 registros extraídos de 64 linhas brutas.
2026-03-22 22:34:24 [INFO] sidra — Bloco 1/3: 64 registros recebidos.
2026-03-22 22:34:24 [DEBUG] sidra — Pausa de 2.8s entre blocos.
2026-03-22 22:34:27 [INFO] sidra — Bloco 2/3: cana, mandioca, sorgo, girassol, aveia, cevada, triticale, laranja
2026-03-22 22:34:27 [DEBUG] sidra — GET https://apisidra.ibge.gov.br/values/t/5457/n1/all/v/214,215,112,216/p/2023,2024/c782/40135,40138,40141,40147,40148,40149,40150,40199
2026-03-22 22:34:27 [DEBUG] sidra — Resposta OK — 19342 bytes
2026-03-22 22:34:27 [DEBUG] sidra — parse_sidra: 64 registros extraídos de 64 linhas brutas.
2026-03-22 22:34:27 [INFO] sidra — Bloco 2/3: 64 registros recebidos.
2026-03-22 22:34:27 [DEBUG] sidra — Pausa de 1.5s entre blocos.
2026-03-22 22:34:28 [INFO] sidra — Bloco 3/3: banana, cacau, borracha, sisal
2026-03-22 22:34:28 [DEBUG] sidra — GET https://apisidra.ibge.gov.br/values/t/5457/n1/all/v/214,215,112,216/p/2023,2024/c782/40186,40190,40218,40228
2026-03-22 22:34:28 [DEBUG] sidra — Resposta OK — 9472 bytes
2026-03-22 22:34:28 [DEBUG] sidra — parse_sidra: 32 registros extraídos de 32 linhas brutas.
2026-03-22 22:34:28 [INFO] sidra — Bloco 3/3: 32 registros recebidos.
2026-03-22 22:34:28 [INFO] sidra — Total de registros brutos: 160. Iniciando pivot...
2026-03-22 22:34:28 [DEBUG] sidra — pivotar: 160 linhas no formato longo.
2026-03-22 22:34:28 [DEBUG] sidra — pivotar: 24 linhas no formato largo.
2026-03-22 22:34:28 [INFO] sidra — DataFrame final: 24 linhas × 15 colunas.
2026-03-22 22:34:28 [INFO] sidra — CSV salvo em: data\raw\ibge_pam_brasil_2023_2024_20260322.csv (24 linhas, 15 colunas)
2026-03-22 22:34:28 [INFO] sidra — 
2026-03-22 22:34:28 [INFO] sidra — ======================================================================
2026-03-22 22:34:28 [INFO] sidra — RESULTADO — IBGE/SIDRA PAM Tabela 5457
2026-03-22 22:34:28 [INFO] sidra — ======================================================================
2026-03-22 22:34:28 [INFO] sidra —   Produto                               Ano       Qtd Produzida    Valor (Mil R$)
2026-03-22 22:34:28 [INFO] sidra —   ------------------------------------------------------------------
2026-03-22 22:34:28 [INFO] sidra —   Azeitona                             2023              31,489             3,856
2026-03-22 22:34:28 [INFO] sidra —   Azeitona                             2024              23,978             4,266
2026-03-22 22:34:28 [INFO] sidra —   Cacau (em amêndoa)                   2023           4,633,462           612,692
2026-03-22 22:34:28 [INFO] sidra —   Cacau (em amêndoa)                   2024          15,264,498           617,168
2026-03-22 22:34:28 [INFO] sidra —   Café (em grão) Canephora             2023          10,657,060           391,006
2026-03-22 22:34:28 [INFO] sidra —   Café (em grão) Canephora             2024          18,209,944           399,820
2026-03-22 22:34:28 [INFO] sidra —   Erva-mate (folha verde)              2023             956,804            82,100
2026-03-22 22:34:28 [INFO] sidra —   Erva-mate (folha verde)              2024           1,012,330            90,216
2026-03-22 22:34:28 [INFO] sidra —   Figo                                 2023             128,050             2,006
2026-03-22 22:34:28 [INFO] sidra —   Figo                                 2024             158,458             1,951
2026-03-22 22:34:28 [INFO] sidra —   Goiaba                               2023           1,313,952            22,633
2026-03-22 22:34:28 [INFO] sidra —   Goiaba                               2024           1,385,628            22,987
2026-03-22 22:34:28 [INFO] sidra —   Guaraná (semente)                    2023              55,238             9,663
2026-03-22 22:34:28 [INFO] sidra —   Guaraná (semente)                    2024              68,031             9,609
2026-03-22 22:34:28 [INFO] sidra —   Soja (em grão)                       2023         348,683,454        44,417,552
2026-03-22 22:34:28 [INFO] sidra —   Soja (em grão)                       2024         260,233,510        45,906,902
2026-03-22 22:34:29 [INFO] sidra —   Sorgo (em grão)                      2023           2,709,971         1,344,408
2026-03-22 22:34:29 [INFO] sidra —   Sorgo (em grão)                      2024           2,706,132         1,363,415
2026-03-22 22:34:29 [INFO] sidra —   Tomate                               2023          10,592,486            59,010
2026-03-22 22:34:29 [INFO] sidra —   Tomate                               2024           9,918,958            60,576
2026-03-22 22:34:29 [INFO] sidra —   Trigo (em grão)                      2023           7,662,690         3,330,303
2026-03-22 22:34:29 [INFO] sidra —   Trigo (em grão)                      2024           8,770,270         2,916,018
2026-03-22 22:34:29 [INFO] sidra —   Triticale (em grão)                  2023              52,059            24,585
2026-03-22 22:34:29 [INFO] sidra —   Triticale (em grão)                  2024              42,305            15,967
2026-03-22 22:34:29 [INFO] sidra — ======================================================================
2026-03-22 22:34:29 [INFO] sidra — Total de linhas : 24
2026-03-22 22:34:29 [INFO] sidra — Arquivo salvo   : data\raw\ibge_pam_brasil_2023_2024_20260322.csv
2026-03-22 22:34:29 [INFO] sidra — ======================================================================
2026-03-22 22:34:29 [INFO] sidra — Execução concluída com sucesso.
2026-03-22 22:34:48 [INFO] sidra — =======================================================
2026-03-22 22:34:48 [INFO] sidra — IBGE/SIDRA — PAM Tabela 5457
2026-03-22 22:34:48 [INFO] sidra — Anos    : [2023, 2024]
2026-03-22 22:34:48 [INFO] sidra — Nível   : brasil (n1/all)
2026-03-22 22:34:48 [INFO] sidra — Saída   : C:\Users\Elbia\OneDrive\Área de Trabalho\AVALIACAO TECNICA  ANALISTA DE DADOS\agro-data-pipeline\data\raw
2026-03-22 22:34:48 [INFO] sidra — =======================================================
2026-03-22 22:34:48 [INFO] sidra — Iniciando coleta — 20 produtos | 3 blocos | anos: [2023, 2024] | nível: brasil
2026-03-22 22:34:48 [INFO] sidra — Bloco 1/3: soja, milho, algodao, amendoim, arroz, feijao, cafe, trigo
2026-03-22 22:34:48 [DEBUG] sidra — GET https://apisidra.ibge.gov.br/values/t/5457/n1/all/v/214,215,112,216/p/2023,2024/c782/40124,40125,40126,40127,40128,40131,40132,40133
2026-03-22 22:34:50 [DEBUG] sidra — Resposta OK — 19249 bytes
2026-03-22 22:34:50 [DEBUG] sidra — parse_sidra: 64 registros extraídos de 64 linhas brutas.
2026-03-22 22:34:50 [INFO] sidra — Bloco 1/3: 64 registros recebidos.
2026-03-22 22:34:50 [DEBUG] sidra — Pausa de 2.8s entre blocos.
2026-03-22 22:34:52 [INFO] sidra — Bloco 2/3: cana, mandioca, sorgo, girassol, aveia, cevada, triticale, laranja
2026-03-22 22:34:52 [DEBUG] sidra — GET https://apisidra.ibge.gov.br/values/t/5457/n1/all/v/214,215,112,216/p/2023,2024/c782/40135,40138,40141,40147,40148,40149,40150,40199
2026-03-22 22:34:52 [DEBUG] sidra — Resposta OK — 19342 bytes
2026-03-22 22:34:52 [DEBUG] sidra — parse_sidra: 64 registros extraídos de 64 linhas brutas.
2026-03-22 22:34:52 [INFO] sidra — Bloco 2/3: 64 registros recebidos.
2026-03-22 22:34:52 [DEBUG] sidra — Pausa de 1.8s entre blocos.
2026-03-22 22:34:54 [INFO] sidra — Bloco 3/3: banana, cacau, borracha, sisal
2026-03-22 22:34:54 [DEBUG] sidra — GET https://apisidra.ibge.gov.br/values/t/5457/n1/all/v/214,215,112,216/p/2023,2024/c782/40186,40190,40218,40228
2026-03-22 22:34:54 [DEBUG] sidra — Resposta OK — 9472 bytes
2026-03-22 22:34:54 [DEBUG] sidra — parse_sidra: 32 registros extraídos de 32 linhas brutas.
2026-03-22 22:34:54 [INFO] sidra — Bloco 3/3: 32 registros recebidos.
2026-03-22 22:34:54 [INFO] sidra — Total de registros brutos: 160. Iniciando pivot...
2026-03-22 22:34:54 [DEBUG] sidra — pivotar: 160 linhas no formato longo.
2026-03-22 22:34:54 [DEBUG] sidra — pivotar: 24 linhas no formato largo.
2026-03-22 22:34:54 [INFO] sidra — DataFrame final: 24 linhas × 15 colunas.
2026-03-22 22:34:54 [INFO] sidra — CSV salvo em: data\raw\ibge_pam_brasil_2023_2024_20260322.csv (24 linhas, 15 colunas)
2026-03-22 22:34:54 [INFO] sidra — 
2026-03-22 22:34:54 [INFO] sidra — ======================================================================
2026-03-22 22:34:54 [INFO] sidra — RESULTADO — IBGE/SIDRA PAM Tabela 5457
2026-03-22 22:34:54 [INFO] sidra — ======================================================================
2026-03-22 22:34:54 [INFO] sidra —   Produto                               Ano       Qtd Produzida    Valor (Mil R$)
2026-03-22 22:34:54 [INFO] sidra —   ------------------------------------------------------------------
2026-03-22 22:34:54 [INFO] sidra —   Azeitona                             2023              31,489             3,856
2026-03-22 22:34:54 [INFO] sidra —   Azeitona                             2024              23,978             4,266
2026-03-22 22:34:54 [INFO] sidra —   Cacau (em amêndoa)                   2023           4,633,462           612,692
2026-03-22 22:34:54 [INFO] sidra —   Cacau (em amêndoa)                   2024          15,264,498           617,168
2026-03-22 22:34:54 [INFO] sidra —   Café (em grão) Canephora             2023          10,657,060           391,006
2026-03-22 22:34:54 [INFO] sidra —   Café (em grão) Canephora             2024          18,209,944           399,820
2026-03-22 22:34:54 [INFO] sidra —   Erva-mate (folha verde)              2023             956,804            82,100
2026-03-22 22:34:54 [INFO] sidra —   Erva-mate (folha verde)              2024           1,012,330            90,216
2026-03-22 22:34:54 [INFO] sidra —   Figo                                 2023             128,050             2,006
2026-03-22 22:34:54 [INFO] sidra —   Figo                                 2024             158,458             1,951
2026-03-22 22:34:54 [INFO] sidra —   Goiaba                               2023           1,313,952            22,633
2026-03-22 22:34:54 [INFO] sidra —   Goiaba                               2024           1,385,628            22,987
2026-03-22 22:34:54 [INFO] sidra —   Guaraná (semente)                    2023              55,238             9,663
2026-03-22 22:34:54 [INFO] sidra —   Guaraná (semente)                    2024              68,031             9,609
2026-03-22 22:34:54 [INFO] sidra —   Soja (em grão)                       2023         348,683,454        44,417,552
2026-03-22 22:34:54 [INFO] sidra —   Soja (em grão)                       2024         260,233,510        45,906,902
2026-03-22 22:34:54 [INFO] sidra —   Sorgo (em grão)                      2023           2,709,971         1,344,408
2026-03-22 22:34:54 [INFO] sidra —   Sorgo (em grão)                      2024           2,706,132         1,363,415
2026-03-22 22:34:54 [INFO] sidra —   Tomate                               2023          10,592,486            59,010
2026-03-22 22:34:54 [INFO] sidra —   Tomate                               2024           9,918,958            60,576
2026-03-22 22:34:54 [INFO] sidra —   Trigo (em grão)                      2023           7,662,690         3,330,303
2026-03-22 22:34:54 [INFO] sidra —   Trigo (em grão)                      2024           8,770,270         2,916,018
2026-03-22 22:34:54 [INFO] sidra —   Triticale (em grão)                  2023              52,059            24,585
2026-03-22 22:34:54 [INFO] sidra —   Triticale (em grão)                  2024              42,305            15,967
2026-03-22 22:34:54 [INFO] sidra — ======================================================================
2026-03-22 22:34:54 [INFO] sidra — Total de linhas : 24
2026-03-22 22:34:54 [INFO] sidra — Arquivo salvo   : data\raw\ibge_pam_brasil_2023_2024_20260322.csv
2026-03-22 22:34:54 [INFO] sidra — ======================================================================
2026-03-22 22:34:54 [INFO] sidra — Execução concluída com sucesso.
2026-03-22 22:43:33 [INFO] sidra — =======================================================
2026-03-22 22:43:33 [INFO] sidra — IBGE/SIDRA — PAM Tabela 5457
2026-03-22 22:43:33 [INFO] sidra — Anos    : [2023, 2024]
2026-03-22 22:43:33 [INFO] sidra — Nível   : brasil (n1/all)
2026-03-22 22:43:33 [INFO] sidra — Saída   : C:\Users\Elbia\OneDrive\Área de Trabalho\AVALIACAO TECNICA  ANALISTA DE DADOS\agro-data-pipeline\data\raw
2026-03-22 22:43:33 [INFO] sidra — =======================================================
2026-03-22 22:43:33 [INFO] sidra — Iniciando coleta — 20 produtos | 3 blocos | anos: [2023, 2024] | nível: brasil
2026-03-22 22:43:33 [INFO] sidra — Bloco 1/3: soja, milho, algodao, amendoim, arroz, feijao, cafe, trigo
2026-03-22 22:43:33 [DEBUG] sidra — GET https://apisidra.ibge.gov.br/values/t/5457/n1/all/v/214,215,112,216/p/2023,2024/c782/40124,40125,40126,40127,40128,40131,40132,40133
2026-03-22 22:43:34 [DEBUG] sidra — Resposta OK — 19249 bytes
2026-03-22 22:43:34 [DEBUG] sidra — parse_sidra: 64 registros extraídos de 64 linhas brutas.
2026-03-22 22:43:34 [INFO] sidra — Bloco 1/3: 64 registros recebidos.
2026-03-22 22:43:34 [DEBUG] sidra — Pausa de 2.7s entre blocos.
2026-03-22 22:43:37 [INFO] sidra — Bloco 2/3: cana, mandioca, sorgo, girassol, aveia, cevada, triticale, laranja
2026-03-22 22:43:37 [DEBUG] sidra — GET https://apisidra.ibge.gov.br/values/t/5457/n1/all/v/214,215,112,216/p/2023,2024/c782/40135,40138,40141,40147,40148,40149,40150,40199
2026-03-22 22:43:37 [DEBUG] sidra — Resposta OK — 19342 bytes
2026-03-22 22:43:37 [DEBUG] sidra — parse_sidra: 64 registros extraídos de 64 linhas brutas.
2026-03-22 22:43:37 [INFO] sidra — Bloco 2/3: 64 registros recebidos.
2026-03-22 22:43:37 [DEBUG] sidra — Pausa de 2.2s entre blocos.
2026-03-22 22:43:39 [INFO] sidra — Bloco 3/3: banana, cacau, borracha, sisal
2026-03-22 22:43:39 [DEBUG] sidra — GET https://apisidra.ibge.gov.br/values/t/5457/n1/all/v/214,215,112,216/p/2023,2024/c782/40186,40190,40218,40228
2026-03-22 22:43:39 [DEBUG] sidra — Resposta OK — 9472 bytes
2026-03-22 22:43:39 [DEBUG] sidra — parse_sidra: 32 registros extraídos de 32 linhas brutas.
2026-03-22 22:43:39 [INFO] sidra — Bloco 3/3: 32 registros recebidos.
2026-03-22 22:43:39 [INFO] sidra — Total de registros brutos: 160. Iniciando pivot...
2026-03-22 22:43:39 [DEBUG] sidra — pivotar: 160 linhas no formato longo.
2026-03-22 22:43:39 [DEBUG] sidra — pivotar: 24 linhas no formato largo.
2026-03-22 22:43:39 [INFO] sidra — DataFrame final: 24 linhas × 15 colunas.
2026-03-22 22:43:39 [INFO] sidra — CSV salvo em: data\raw\ibge_pam_brasil_2023_2024_20260322.csv (24 linhas, 15 colunas)
2026-03-22 22:43:39 [INFO] sidra — 
2026-03-22 22:43:39 [INFO] sidra — ======================================================================
2026-03-22 22:43:39 [INFO] sidra — RESULTADO — IBGE/SIDRA PAM Tabela 5457
2026-03-22 22:43:39 [INFO] sidra — ======================================================================
2026-03-22 22:43:39 [INFO] sidra —   Produto                               Ano       Qtd Produzida    Valor (Mil R$)
2026-03-22 22:43:39 [INFO] sidra —   ------------------------------------------------------------------
2026-03-22 22:43:39 [INFO] sidra —   Azeitona                             2023              31,489             3,856
2026-03-22 22:43:39 [INFO] sidra —   Azeitona                             2024              23,978             4,266
2026-03-22 22:43:39 [INFO] sidra —   Cacau (em amêndoa)                   2023           4,633,462           612,692
2026-03-22 22:43:39 [INFO] sidra —   Cacau (em amêndoa)                   2024          15,264,498           617,168
2026-03-22 22:43:39 [INFO] sidra —   Café (em grão) Canephora             2023          10,657,060           391,006
2026-03-22 22:43:39 [INFO] sidra —   Café (em grão) Canephora             2024          18,209,944           399,820
2026-03-22 22:43:39 [INFO] sidra —   Erva-mate (folha verde)              2023             956,804            82,100
2026-03-22 22:43:39 [INFO] sidra —   Erva-mate (folha verde)              2024           1,012,330            90,216
2026-03-22 22:43:39 [INFO] sidra —   Figo                                 2023             128,050             2,006
2026-03-22 22:43:39 [INFO] sidra —   Figo                                 2024             158,458             1,951
2026-03-22 22:43:39 [INFO] sidra —   Goiaba                               2023           1,313,952            22,633
2026-03-22 22:43:39 [INFO] sidra —   Goiaba                               2024           1,385,628            22,987
2026-03-22 22:43:39 [INFO] sidra —   Guaraná (semente)                    2023              55,238             9,663
2026-03-22 22:43:39 [INFO] sidra —   Guaraná (semente)                    2024              68,031             9,609
2026-03-22 22:43:39 [INFO] sidra —   Soja (em grão)                       2023         348,683,454        44,417,552
2026-03-22 22:43:39 [INFO] sidra —   Soja (em grão)                       2024         260,233,510        45,906,902
2026-03-22 22:43:39 [INFO] sidra —   Sorgo (em grão)                      2023           2,709,971         1,344,408
2026-03-22 22:43:39 [INFO] sidra —   Sorgo (em grão)                      2024           2,706,132         1,363,415
2026-03-22 22:43:39 [INFO] sidra —   Tomate                               2023          10,592,486            59,010
2026-03-22 22:43:39 [INFO] sidra —   Tomate                               2024           9,918,958            60,576
2026-03-22 22:43:39 [INFO] sidra —   Trigo (em grão)                      2023           7,662,690         3,330,303
2026-03-22 22:43:39 [INFO] sidra —   Trigo (em grão)                      2024           8,770,270         2,916,018
2026-03-22 22:43:39 [INFO] sidra —   Triticale (em grão)                  2023              52,059            24,585
2026-03-22 22:43:39 [INFO] sidra —   Triticale (em grão)                  2024              42,305            15,967
2026-03-22 22:43:39 [INFO] sidra — ======================================================================
2026-03-22 22:43:39 [INFO] sidra — Total de linhas : 24
2026-03-22 22:43:39 [INFO] sidra — Arquivo salvo   : data\raw\ibge_pam_brasil_2023_2024_20260322.csv
2026-03-22 22:43:39 [INFO] sidra — ======================================================================
2026-03-22 22:43:39 [INFO] sidra — Execução concluída com sucesso.
2026-03-22 22:43:58 [INFO] sidra — =======================================================
2026-03-22 22:43:58 [INFO] sidra — IBGE/SIDRA — PAM Tabela 5457
2026-03-22 22:43:58 [INFO] sidra — Anos    : [2023, 2024]
2026-03-22 22:43:58 [INFO] sidra — Nível   : brasil (n1/all)
2026-03-22 22:43:58 [INFO] sidra — Saída   : C:\Users\Elbia\OneDrive\Área de Trabalho\AVALIACAO TECNICA  ANALISTA DE DADOS\agro-data-pipeline\data\raw
2026-03-22 22:43:58 [INFO] sidra — =======================================================
2026-03-22 22:43:58 [INFO] sidra — Iniciando coleta — 20 produtos | 3 blocos | anos: [2023, 2024] | nível: brasil
2026-03-22 22:43:58 [INFO] sidra — Bloco 1/3: soja, milho, algodao, amendoim, arroz, feijao, cafe, trigo
2026-03-22 22:43:58 [DEBUG] sidra — GET https://apisidra.ibge.gov.br/values/t/5457/n1/all/v/214,215,112,216/p/2023,2024/c782/40124,40125,40126,40127,40128,40131,40132,40133
2026-03-22 22:43:59 [DEBUG] sidra — Resposta OK — 19249 bytes
2026-03-22 22:43:59 [DEBUG] sidra — parse_sidra: 64 registros extraídos de 64 linhas brutas.
2026-03-22 22:43:59 [INFO] sidra — Bloco 1/3: 64 registros recebidos.
2026-03-22 22:43:59 [DEBUG] sidra — Pausa de 2.5s entre blocos.
2026-03-22 22:44:02 [INFO] sidra — Bloco 2/3: cana, mandioca, sorgo, girassol, aveia, cevada, triticale, laranja
2026-03-22 22:44:02 [DEBUG] sidra — GET https://apisidra.ibge.gov.br/values/t/5457/n1/all/v/214,215,112,216/p/2023,2024/c782/40135,40138,40141,40147,40148,40149,40150,40199
2026-03-22 22:44:02 [DEBUG] sidra — Resposta OK — 19342 bytes
2026-03-22 22:44:02 [DEBUG] sidra — parse_sidra: 64 registros extraídos de 64 linhas brutas.
2026-03-22 22:44:02 [INFO] sidra — Bloco 2/3: 64 registros recebidos.
2026-03-22 22:44:02 [DEBUG] sidra — Pausa de 2.5s entre blocos.
2026-03-22 22:44:05 [INFO] sidra — Bloco 3/3: banana, cacau, borracha, sisal
2026-03-22 22:44:05 [DEBUG] sidra — GET https://apisidra.ibge.gov.br/values/t/5457/n1/all/v/214,215,112,216/p/2023,2024/c782/40186,40190,40218,40228
2026-03-22 22:44:05 [DEBUG] sidra — Resposta OK — 9472 bytes
2026-03-22 22:44:05 [DEBUG] sidra — parse_sidra: 32 registros extraídos de 32 linhas brutas.
2026-03-22 22:44:05 [INFO] sidra — Bloco 3/3: 32 registros recebidos.
2026-03-22 22:44:05 [INFO] sidra — Total de registros brutos: 160. Iniciando pivot...
2026-03-22 22:44:05 [DEBUG] sidra — pivotar: 160 linhas no formato longo.
2026-03-22 22:44:05 [DEBUG] sidra — pivotar: 24 linhas no formato largo.
2026-03-22 22:44:05 [INFO] sidra — DataFrame final: 24 linhas × 15 colunas.
2026-03-22 22:44:05 [INFO] sidra — CSV salvo em: data\raw\ibge_pam_brasil_2023_2024_20260322.csv (24 linhas, 15 colunas)
2026-03-22 22:44:05 [INFO] sidra — 
2026-03-22 22:44:05 [INFO] sidra — ======================================================================
2026-03-22 22:44:05 [INFO] sidra — RESULTADO — IBGE/SIDRA PAM Tabela 5457
2026-03-22 22:44:05 [INFO] sidra — ======================================================================
2026-03-22 22:44:05 [INFO] sidra —   Produto                               Ano       Qtd Produzida    Valor (Mil R$)
2026-03-22 22:44:05 [INFO] sidra —   ------------------------------------------------------------------
2026-03-22 22:44:05 [INFO] sidra —   Azeitona                             2023              31,489             3,856
2026-03-22 22:44:05 [INFO] sidra —   Azeitona                             2024              23,978             4,266
2026-03-22 22:44:05 [INFO] sidra —   Cacau (em amêndoa)                   2023           4,633,462           612,692
2026-03-22 22:44:05 [INFO] sidra —   Cacau (em amêndoa)                   2024          15,264,498           617,168
2026-03-22 22:44:05 [INFO] sidra —   Café (em grão) Canephora             2023          10,657,060           391,006
2026-03-22 22:44:05 [INFO] sidra —   Café (em grão) Canephora             2024          18,209,944           399,820
2026-03-22 22:44:05 [INFO] sidra —   Erva-mate (folha verde)              2023             956,804            82,100
2026-03-22 22:44:05 [INFO] sidra —   Erva-mate (folha verde)              2024           1,012,330            90,216
2026-03-22 22:44:05 [INFO] sidra —   Figo                                 2023             128,050             2,006
2026-03-22 22:44:05 [INFO] sidra —   Figo                                 2024             158,458             1,951
2026-03-22 22:44:05 [INFO] sidra —   Goiaba                               2023           1,313,952            22,633
2026-03-22 22:44:05 [INFO] sidra —   Goiaba                               2024           1,385,628            22,987
2026-03-22 22:44:05 [INFO] sidra —   Guaraná (semente)                    2023              55,238             9,663
2026-03-22 22:44:05 [INFO] sidra —   Guaraná (semente)                    2024              68,031             9,609
2026-03-22 22:44:05 [INFO] sidra —   Soja (em grão)                       2023         348,683,454        44,417,552
2026-03-22 22:44:05 [INFO] sidra —   Soja (em grão)                       2024         260,233,510        45,906,902
2026-03-22 22:44:05 [INFO] sidra —   Sorgo (em grão)                      2023           2,709,971         1,344,408
2026-03-22 22:44:05 [INFO] sidra —   Sorgo (em grão)                      2024           2,706,132         1,363,415
2026-03-22 22:44:05 [INFO] sidra —   Tomate                               2023          10,592,486            59,010
2026-03-22 22:44:05 [INFO] sidra —   Tomate                               2024           9,918,958            60,576
2026-03-22 22:44:05 [INFO] sidra —   Trigo (em grão)                      2023           7,662,690         3,330,303
2026-03-22 22:44:05 [INFO] sidra —   Trigo (em grão)                      2024           8,770,270         2,916,018
2026-03-22 22:44:05 [INFO] sidra —   Triticale (em grão)                  2023              52,059            24,585
2026-03-22 22:44:05 [INFO] sidra —   Triticale (em grão)                  2024              42,305            15,967
2026-03-22 22:44:05 [INFO] sidra — ======================================================================
2026-03-22 22:44:05 [INFO] sidra — Total de linhas : 24
2026-03-22 22:44:05 [INFO] sidra — Arquivo salvo   : data\raw\ibge_pam_brasil_2023_2024_20260322.csv
2026-03-22 22:44:05 [INFO] sidra — ======================================================================
2026-03-22 22:44:05 [INFO] sidra — Execução concluída com sucesso.
2026-03-22 23:17:33 [INFO] sidra — =======================================================
2026-03-22 23:17:33 [INFO] sidra — IBGE/SIDRA — PAM Tabela 5457
2026-03-22 23:17:33 [INFO] sidra — Anos    : [2023, 2024]
2026-03-22 23:17:33 [INFO] sidra — Nível   : brasil (n1/all)
2026-03-22 23:17:33 [INFO] sidra — Saída   : C:\Users\Elbia\OneDrive\Área de Trabalho\AVALIACAO TECNICA  ANALISTA DE DADOS\agro-data-pipeline\data\raw
2026-03-22 23:17:33 [INFO] sidra — =======================================================
2026-03-22 23:17:33 [INFO] sidra — Iniciando coleta — 20 produtos | 3 blocos | anos: [2023, 2024] | nível: brasil
2026-03-22 23:17:33 [INFO] sidra — Bloco 1/3: soja, milho, algodao, amendoim, arroz, feijao, cafe, trigo
2026-03-22 23:17:33 [DEBUG] sidra — GET https://apisidra.ibge.gov.br/values/t/5457/n1/all/v/214,215,112,216/p/2023,2024/c782/40124,40125,40126,40127,40128,40131,40132,40133
2026-03-22 23:17:35 [DEBUG] sidra — Resposta OK — 19249 bytes
2026-03-22 23:17:35 [DEBUG] sidra — parse_sidra: 64 registros extraídos de 64 linhas brutas.
2026-03-22 23:17:35 [INFO] sidra — Bloco 1/3: 64 registros recebidos.
2026-03-22 23:17:35 [DEBUG] sidra — Pausa de 2.2s entre blocos.
2026-03-22 23:17:37 [INFO] sidra — Bloco 2/3: cana, mandioca, sorgo, girassol, aveia, cevada, triticale, laranja
2026-03-22 23:17:37 [DEBUG] sidra — GET https://apisidra.ibge.gov.br/values/t/5457/n1/all/v/214,215,112,216/p/2023,2024/c782/40135,40138,40141,40147,40148,40149,40150,40199
2026-03-22 23:17:37 [DEBUG] sidra — Resposta OK — 19342 bytes
2026-03-22 23:17:37 [DEBUG] sidra — parse_sidra: 64 registros extraídos de 64 linhas brutas.
2026-03-22 23:17:37 [INFO] sidra — Bloco 2/3: 64 registros recebidos.
2026-03-22 23:17:37 [DEBUG] sidra — Pausa de 2.5s entre blocos.
2026-03-22 23:17:39 [INFO] sidra — Bloco 3/3: banana, cacau, borracha, sisal
2026-03-22 23:17:39 [DEBUG] sidra — GET https://apisidra.ibge.gov.br/values/t/5457/n1/all/v/214,215,112,216/p/2023,2024/c782/40186,40190,40218,40228
2026-03-22 23:17:40 [DEBUG] sidra — Resposta OK — 9472 bytes
2026-03-22 23:17:40 [DEBUG] sidra — parse_sidra: 32 registros extraídos de 32 linhas brutas.
2026-03-22 23:17:40 [INFO] sidra — Bloco 3/3: 32 registros recebidos.
2026-03-22 23:17:40 [INFO] sidra — Total de registros brutos: 160. Iniciando pivot...
2026-03-22 23:17:40 [DEBUG] sidra — pivotar: 160 linhas no formato longo.
2026-03-22 23:17:40 [DEBUG] sidra — pivotar: 24 linhas no formato largo.
2026-03-22 23:17:40 [INFO] sidra — DataFrame final: 24 linhas × 15 colunas.
2026-03-22 23:17:40 [INFO] sidra — CSV salvo em: data\raw\ibge_pam_brasil_2023_2024_20260322.csv (24 linhas, 15 colunas)
2026-03-22 23:17:40 [INFO] sidra — 
2026-03-22 23:17:40 [INFO] sidra — ======================================================================
2026-03-22 23:17:40 [INFO] sidra — RESULTADO — IBGE/SIDRA PAM Tabela 5457
2026-03-22 23:17:40 [INFO] sidra — ======================================================================
2026-03-22 23:17:40 [INFO] sidra —   Produto                               Ano       Qtd Produzida    Valor (Mil R$)
2026-03-22 23:17:40 [INFO] sidra —   ------------------------------------------------------------------
2026-03-22 23:17:40 [INFO] sidra —   Azeitona                             2023              31,489             3,856
2026-03-22 23:17:40 [INFO] sidra —   Azeitona                             2024              23,978             4,266
2026-03-22 23:17:40 [INFO] sidra —   Cacau (em amêndoa)                   2023           4,633,462           612,692
2026-03-22 23:17:40 [INFO] sidra —   Cacau (em amêndoa)                   2024          15,264,498           617,168
2026-03-22 23:17:40 [INFO] sidra —   Café (em grão) Canephora             2023          10,657,060           391,006
2026-03-22 23:17:40 [INFO] sidra —   Café (em grão) Canephora             2024          18,209,944           399,820
2026-03-22 23:17:40 [INFO] sidra —   Erva-mate (folha verde)              2023             956,804            82,100
2026-03-22 23:17:40 [INFO] sidra —   Erva-mate (folha verde)              2024           1,012,330            90,216
2026-03-22 23:17:40 [INFO] sidra —   Figo                                 2023             128,050             2,006
2026-03-22 23:17:40 [INFO] sidra —   Figo                                 2024             158,458             1,951
2026-03-22 23:17:40 [INFO] sidra —   Goiaba                               2023           1,313,952            22,633
2026-03-22 23:17:40 [INFO] sidra —   Goiaba                               2024           1,385,628            22,987
2026-03-22 23:17:40 [INFO] sidra —   Guaraná (semente)                    2023              55,238             9,663
2026-03-22 23:17:40 [INFO] sidra —   Guaraná (semente)                    2024              68,031             9,609
2026-03-22 23:17:40 [INFO] sidra —   Soja (em grão)                       2023         348,683,454        44,417,552
2026-03-22 23:17:40 [INFO] sidra —   Soja (em grão)                       2024         260,233,510        45,906,902
2026-03-22 23:17:40 [INFO] sidra —   Sorgo (em grão)                      2023           2,709,971         1,344,408
2026-03-22 23:17:40 [INFO] sidra —   Sorgo (em grão)                      2024           2,706,132         1,363,415
2026-03-22 23:17:40 [INFO] sidra —   Tomate                               2023          10,592,486            59,010
2026-03-22 23:17:40 [INFO] sidra —   Tomate                               2024           9,918,958            60,576
2026-03-22 23:17:40 [INFO] sidra —   Trigo (em grão)                      2023           7,662,690         3,330,303
2026-03-22 23:17:40 [INFO] sidra —   Trigo (em grão)                      2024           8,770,270         2,916,018
2026-03-22 23:17:40 [INFO] sidra —   Triticale (em grão)                  2023              52,059            24,585
2026-03-22 23:17:40 [INFO] sidra —   Triticale (em grão)                  2024              42,305            15,967
2026-03-22 23:17:40 [INFO] sidra — ======================================================================
2026-03-22 23:17:40 [INFO] sidra — Total de linhas : 24
2026-03-22 23:17:40 [INFO] sidra — Arquivo salvo   : data\raw\ibge_pam_brasil_2023_2024_20260322.csv
2026-03-22 23:17:40 [INFO] sidra — ======================================================================
2026-03-22 23:17:40 [INFO] sidra — Execução concluída com sucesso.
2026-03-22 23:19:02 [INFO] sidra — =======================================================
2026-03-22 23:19:02 [INFO] sidra — IBGE/SIDRA — PAM Tabela 5457
2026-03-22 23:19:02 [INFO] sidra — Anos    : [2023, 2024]
2026-03-22 23:19:02 [INFO] sidra — Nível   : brasil (n1/all)
2026-03-22 23:19:02 [INFO] sidra — Saída   : C:\Users\Elbia\OneDrive\Área de Trabalho\AVALIACAO TECNICA  ANALISTA DE DADOS\agro-data-pipeline\data\raw
2026-03-22 23:19:02 [INFO] sidra — =======================================================
2026-03-22 23:19:02 [INFO] sidra — Iniciando coleta — 20 produtos | 3 blocos | anos: [2023, 2024] | nível: brasil
2026-03-22 23:19:02 [INFO] sidra — Bloco 1/3: soja, milho, algodao, amendoim, arroz, feijao, cafe, trigo
2026-03-22 23:19:02 [DEBUG] sidra — GET https://apisidra.ibge.gov.br/values/t/5457/n1/all/v/214,215,112,216/p/2023,2024/c782/40124,40125,40126,40127,40128,40131,40132,40133
2026-03-22 23:19:04 [DEBUG] sidra — Resposta OK — 19249 bytes
2026-03-22 23:19:04 [DEBUG] sidra — parse_sidra: 64 registros extraídos de 64 linhas brutas.
2026-03-22 23:19:04 [INFO] sidra — Bloco 1/3: 64 registros recebidos.
2026-03-22 23:19:04 [DEBUG] sidra — Pausa de 2.8s entre blocos.
2026-03-22 23:19:07 [INFO] sidra — Bloco 2/3: cana, mandioca, sorgo, girassol, aveia, cevada, triticale, laranja
2026-03-22 23:19:07 [DEBUG] sidra — GET https://apisidra.ibge.gov.br/values/t/5457/n1/all/v/214,215,112,216/p/2023,2024/c782/40135,40138,40141,40147,40148,40149,40150,40199
2026-03-22 23:19:07 [DEBUG] sidra — Resposta OK — 19342 bytes
2026-03-22 23:19:07 [DEBUG] sidra — parse_sidra: 64 registros extraídos de 64 linhas brutas.
2026-03-22 23:19:07 [INFO] sidra — Bloco 2/3: 64 registros recebidos.
2026-03-22 23:19:07 [DEBUG] sidra — Pausa de 2.8s entre blocos.
2026-03-22 23:19:10 [INFO] sidra — Bloco 3/3: banana, cacau, borracha, sisal
2026-03-22 23:19:10 [DEBUG] sidra — GET https://apisidra.ibge.gov.br/values/t/5457/n1/all/v/214,215,112,216/p/2023,2024/c782/40186,40190,40218,40228
2026-03-22 23:19:10 [DEBUG] sidra — Resposta OK — 9472 bytes
2026-03-22 23:19:10 [DEBUG] sidra — parse_sidra: 32 registros extraídos de 32 linhas brutas.
2026-03-22 23:19:10 [INFO] sidra — Bloco 3/3: 32 registros recebidos.
2026-03-22 23:19:10 [INFO] sidra — Total de registros brutos: 160. Iniciando pivot...
2026-03-22 23:19:10 [DEBUG] sidra — pivotar: 160 linhas no formato longo.
2026-03-22 23:19:10 [DEBUG] sidra — pivotar: 24 linhas no formato largo.
2026-03-22 23:19:10 [INFO] sidra — DataFrame final: 24 linhas × 15 colunas.
2026-03-22 23:19:10 [INFO] sidra — CSV salvo em: data\raw\ibge_pam_brasil_2023_2024_20260322.csv (24 linhas, 15 colunas)
2026-03-22 23:19:10 [INFO] sidra — 
2026-03-22 23:19:10 [INFO] sidra — ======================================================================
2026-03-22 23:19:10 [INFO] sidra — RESULTADO — IBGE/SIDRA PAM Tabela 5457
2026-03-22 23:19:10 [INFO] sidra — ======================================================================
2026-03-22 23:19:10 [INFO] sidra —   Produto                               Ano       Qtd Produzida    Valor (Mil R$)
2026-03-22 23:19:10 [INFO] sidra —   ------------------------------------------------------------------
2026-03-22 23:19:10 [INFO] sidra —   Azeitona                             2023              31,489             3,856
2026-03-22 23:19:10 [INFO] sidra —   Azeitona                             2024              23,978             4,266
2026-03-22 23:19:10 [INFO] sidra —   Cacau (em amêndoa)                   2023           4,633,462           612,692
2026-03-22 23:19:10 [INFO] sidra —   Cacau (em amêndoa)                   2024          15,264,498           617,168
2026-03-22 23:19:10 [INFO] sidra —   Café (em grão) Canephora             2023          10,657,060           391,006
2026-03-22 23:19:10 [INFO] sidra —   Café (em grão) Canephora             2024          18,209,944           399,820
2026-03-22 23:19:10 [INFO] sidra —   Erva-mate (folha verde)              2023             956,804            82,100
2026-03-22 23:19:10 [INFO] sidra —   Erva-mate (folha verde)              2024           1,012,330            90,216
2026-03-22 23:19:10 [INFO] sidra —   Figo                                 2023             128,050             2,006
2026-03-22 23:19:10 [INFO] sidra —   Figo                                 2024             158,458             1,951
2026-03-22 23:19:10 [INFO] sidra —   Goiaba                               2023           1,313,952            22,633
2026-03-22 23:19:10 [INFO] sidra —   Goiaba                               2024           1,385,628            22,987
2026-03-22 23:19:10 [INFO] sidra —   Guaraná (semente)                    2023              55,238             9,663
2026-03-22 23:19:10 [INFO] sidra —   Guaraná (semente)                    2024              68,031             9,609
2026-03-22 23:19:10 [INFO] sidra —   Soja (em grão)                       2023         348,683,454        44,417,552
2026-03-22 23:19:10 [INFO] sidra —   Soja (em grão)                       2024         260,233,510        45,906,902
2026-03-22 23:19:10 [INFO] sidra —   Sorgo (em grão)                      2023           2,709,971         1,344,408
2026-03-22 23:19:10 [INFO] sidra —   Sorgo (em grão)                      2024           2,706,132         1,363,415
2026-03-22 23:19:10 [INFO] sidra —   Tomate                               2023          10,592,486            59,010
2026-03-22 23:19:10 [INFO] sidra —   Tomate                               2024           9,918,958            60,576
2026-03-22 23:19:10 [INFO] sidra —   Trigo (em grão)                      2023           7,662,690         3,330,303
2026-03-22 23:19:10 [INFO] sidra —   Trigo (em grão)                      2024           8,770,270         2,916,018
2026-03-22 23:19:10 [INFO] sidra —   Triticale (em grão)                  2023              52,059            24,585
2026-03-22 23:19:10 [INFO] sidra —   Triticale (em grão)                  2024              42,305            15,967
2026-03-22 23:19:10 [INFO] sidra — ======================================================================
2026-03-22 23:19:10 [INFO] sidra — Total de linhas : 24
2026-03-22 23:19:10 [INFO] sidra — Arquivo salvo   : data\raw\ibge_pam_brasil_2023_2024_20260322.csv
2026-03-22 23:19:10 [INFO] sidra — ======================================================================
2026-03-22 23:19:10 [INFO] sidra — Execução concluída com sucesso.
2026-03-22 23:31:55 [INFO] =======================================================
2026-03-22 23:31:55 [INFO] IBGE/SIDRA — Camada Raw (CSV + JSON + Parquet)
2026-03-22 23:31:55 [INFO] Anos  : [2023, 2024]
2026-03-22 23:31:55 [INFO] Nível : brasil (n1/all)
2026-03-22 23:31:55 [INFO] Saída : C:\Users\Elbia\OneDrive\Área de Trabalho\AVALIACAO TECNICA  ANALISTA DE DADOS\agro-data-pipeline\data\raw
2026-03-22 23:31:55 [INFO] =======================================================
2026-03-22 23:31:55 [INFO] Coletando 20 produtos | 3 blocos | anos: [2023, 2024] | nível: brasil
2026-03-22 23:31:55 [INFO] Bloco 1/3: soja, milho, algodao, amendoim, arroz, feijao, cafe, trigo
2026-03-22 23:31:55 [DEBUG] GET https://apisidra.ibge.gov.br/values/t/5457/n1/all/v/214,215,112,216/p/2023,2024/c782/40124,40125,40126,40127,40128,40131,40132,40133
2026-03-22 23:31:56 [INFO] Bloco 1/3: 64 registros recebidos.
2026-03-22 23:31:58 [INFO] Bloco 2/3: cana, mandioca, sorgo, girassol, aveia, cevada, triticale, laranja
2026-03-22 23:31:58 [DEBUG] GET https://apisidra.ibge.gov.br/values/t/5457/n1/all/v/214,215,112,216/p/2023,2024/c782/40135,40138,40141,40147,40148,40149,40150,40199
2026-03-22 23:31:58 [INFO] Bloco 2/3: 64 registros recebidos.
2026-03-22 23:32:00 [INFO] Bloco 3/3: banana, cacau, borracha, sisal
2026-03-22 23:32:00 [DEBUG] GET https://apisidra.ibge.gov.br/values/t/5457/n1/all/v/214,215,112,216/p/2023,2024/c782/40186,40190,40218,40228
2026-03-22 23:32:00 [INFO] Bloco 3/3: 32 registros recebidos.
2026-03-22 23:32:00 [INFO] CSV     → data\raw\csv\ibge_pam_brasil_2023_2024_20260322.csv  (6.4 KB)
2026-03-22 23:32:00 [INFO] JSON    → data\raw\json\ibge_pam_brasil_2023_2024_20260322.json  (15.8 KB)
2026-03-22 23:32:00 [WARNING] pyarrow não encontrado — Parquet ignorado.
2026-03-22 23:32:00 [WARNING] Execute: pip install pyarrow
2026-03-22 23:32:00 [INFO] Manifesto → data\raw\_manifesto.json
2026-03-22 23:32:00 [INFO] =======================================================
2026-03-22 23:32:00 [INFO] Concluído — 3 formatos salvos em data\raw
2026-03-22 23:32:00 [INFO] =======================================================
2026-03-22 23:33:45 [INFO] =======================================================
2026-03-22 23:33:45 [INFO] IBGE/SIDRA — Camada Raw (CSV + JSON + Parquet)
2026-03-22 23:33:45 [INFO] Anos  : [2023, 2024]
2026-03-22 23:33:45 [INFO] Nível : brasil (n1/all)
2026-03-22 23:33:45 [INFO] Saída : C:\Users\Elbia\OneDrive\Área de Trabalho\AVALIACAO TECNICA  ANALISTA DE DADOS\agro-data-pipeline\data\raw
2026-03-22 23:33:45 [INFO] =======================================================
2026-03-22 23:33:45 [INFO] Coletando 20 produtos | 3 blocos | anos: [2023, 2024] | nível: brasil
2026-03-22 23:33:45 [INFO] Bloco 1/3: soja, milho, algodao, amendoim, arroz, feijao, cafe, trigo
2026-03-22 23:33:45 [DEBUG] GET https://apisidra.ibge.gov.br/values/t/5457/n1/all/v/214,215,112,216/p/2023,2024/c782/40124,40125,40126,40127,40128,40131,40132,40133
2026-03-22 23:33:46 [INFO] Bloco 1/3: 64 registros recebidos.
2026-03-22 23:33:48 [INFO] Bloco 2/3: cana, mandioca, sorgo, girassol, aveia, cevada, triticale, laranja
2026-03-22 23:33:48 [DEBUG] GET https://apisidra.ibge.gov.br/values/t/5457/n1/all/v/214,215,112,216/p/2023,2024/c782/40135,40138,40141,40147,40148,40149,40150,40199
2026-03-22 23:33:48 [INFO] Bloco 2/3: 64 registros recebidos.
2026-03-22 23:33:50 [INFO] Bloco 3/3: banana, cacau, borracha, sisal
2026-03-22 23:33:50 [DEBUG] GET https://apisidra.ibge.gov.br/values/t/5457/n1/all/v/214,215,112,216/p/2023,2024/c782/40186,40190,40218,40228
2026-03-22 23:33:51 [INFO] Bloco 3/3: 32 registros recebidos.
2026-03-22 23:33:51 [INFO] CSV     → data\raw\csv\ibge_pam_brasil_2023_2024_20260322.csv  (6.4 KB)
2026-03-22 23:33:51 [INFO] JSON    → data\raw\json\ibge_pam_brasil_2023_2024_20260322.json  (15.8 KB)
2026-03-22 23:33:51 [WARNING] pyarrow não encontrado — Parquet ignorado.
2026-03-22 23:33:51 [WARNING] Execute: pip install pyarrow
2026-03-22 23:33:51 [INFO] Manifesto → data\raw\_manifesto.json
2026-03-22 23:33:51 [INFO] =======================================================
2026-03-22 23:33:51 [INFO] Concluído — 3 formatos salvos em data\raw
2026-03-22 23:33:51 [INFO] =======================================================
2026-03-22 23:51:08 [INFO] =======================================================
2026-03-22 23:51:08 [INFO] =======================================================
2026-03-22 23:51:08 [INFO] AGRO DATA PIPELINE — IBGE/SIDRA PAM Tabela 5457
2026-03-22 23:51:08 [INFO] AGRO DATA PIPELINE — IBGE/SIDRA PAM Tabela 5457
2026-03-22 23:51:08 [INFO] =======================================================
2026-03-22 23:51:08 [INFO] =======================================================
2026-03-22 23:51:08 [INFO] Anos    : [2023, 2024]
2026-03-22 23:51:08 [INFO] Anos    : [2023, 2024]
2026-03-22 23:51:08 [INFO] Nível   : brasil (n1/all)
2026-03-22 23:51:08 [INFO] Nível   : brasil (n1/all)
2026-03-22 23:51:08 [INFO] Saída   : C:\Users\Elbia\OneDrive\Área de Trabalho\AVALIACAO TECNICA  ANALISTA DE DADOS\agro-data-pipeline\data\raw
2026-03-22 23:51:08 [INFO] Saída   : C:\Users\Elbia\OneDrive\Área de Trabalho\AVALIACAO TECNICA  ANALISTA DE DADOS\agro-data-pipeline\data\raw
2026-03-22 23:51:08 [INFO] =======================================================
2026-03-22 23:51:08 [INFO] =======================================================
2026-03-22 23:51:08 [INFO] [1/4] Coletando dados da API IBGE/SIDRA...
2026-03-22 23:51:08 [INFO] [1/4] Coletando dados da API IBGE/SIDRA...
2026-03-22 23:51:08 [INFO] Coletando 20 produtos | 3 blocos | anos: [2023, 2024] | nível: brasil
2026-03-22 23:51:08 [INFO] Coletando 20 produtos | 3 blocos | anos: [2023, 2024] | nível: brasil
2026-03-22 23:51:08 [INFO] Bloco 1/3: soja, milho, algodao, amendoim, arroz, feijao, cafe, trigo
2026-03-22 23:51:08 [INFO] Bloco 1/3: soja, milho, algodao, amendoim, arroz, feijao, cafe, trigo
2026-03-22 23:51:08 [DEBUG] GET https://apisidra.ibge.gov.br/values/t/5457/n1/all/v/214,215,112,216/p/2023,2024/c782/40124,40125,40126,40127,40128,40131,40132,40133
2026-03-22 23:51:08 [DEBUG] GET https://apisidra.ibge.gov.br/values/t/5457/n1/all/v/214,215,112,216/p/2023,2024/c782/40124,40125,40126,40127,40128,40131,40132,40133
2026-03-22 23:51:10 [INFO] Bloco 1/3: 64 registros recebidos.
2026-03-22 23:51:10 [INFO] Bloco 1/3: 64 registros recebidos.
2026-03-22 23:51:12 [INFO] Bloco 2/3: cana, mandioca, sorgo, girassol, aveia, cevada, triticale, laranja
2026-03-22 23:51:12 [INFO] Bloco 2/3: cana, mandioca, sorgo, girassol, aveia, cevada, triticale, laranja
2026-03-22 23:51:12 [DEBUG] GET https://apisidra.ibge.gov.br/values/t/5457/n1/all/v/214,215,112,216/p/2023,2024/c782/40135,40138,40141,40147,40148,40149,40150,40199
2026-03-22 23:51:12 [DEBUG] GET https://apisidra.ibge.gov.br/values/t/5457/n1/all/v/214,215,112,216/p/2023,2024/c782/40135,40138,40141,40147,40148,40149,40150,40199
2026-03-22 23:51:12 [INFO] Bloco 2/3: 64 registros recebidos.
2026-03-22 23:51:12 [INFO] Bloco 2/3: 64 registros recebidos.
2026-03-22 23:51:14 [INFO] Bloco 3/3: banana, cacau, borracha, sisal
2026-03-22 23:51:14 [INFO] Bloco 3/3: banana, cacau, borracha, sisal
2026-03-22 23:51:14 [DEBUG] GET https://apisidra.ibge.gov.br/values/t/5457/n1/all/v/214,215,112,216/p/2023,2024/c782/40186,40190,40218,40228
2026-03-22 23:51:14 [DEBUG] GET https://apisidra.ibge.gov.br/values/t/5457/n1/all/v/214,215,112,216/p/2023,2024/c782/40186,40190,40218,40228
2026-03-22 23:51:14 [INFO] Bloco 3/3: 32 registros recebidos.
2026-03-22 23:51:14 [INFO] Bloco 3/3: 32 registros recebidos.
2026-03-22 23:51:14 [INFO]       24 linhas × 15 colunas coletadas.
2026-03-22 23:51:14 [INFO]       24 linhas × 15 colunas coletadas.
2026-03-22 23:51:14 [INFO] [2/4] Salvando camada Raw...
2026-03-22 23:51:14 [INFO] [2/4] Salvando camada Raw...
2026-03-22 23:51:14 [INFO] CSV     → data\raw\csv\ibge_pam_brasil_2023_2024_20260322.csv  (6.4 KB)
2026-03-22 23:51:14 [INFO] CSV     → data\raw\csv\ibge_pam_brasil_2023_2024_20260322.csv  (6.4 KB)
2026-03-22 23:51:14 [INFO] JSON    → data\raw\json\ibge_pam_brasil_2023_2024_20260322.json  (15.8 KB)
2026-03-22 23:51:14 [INFO] JSON    → data\raw\json\ibge_pam_brasil_2023_2024_20260322.json  (15.8 KB)
2026-03-22 23:51:14 [WARNING] pyarrow não encontrado — Parquet ignorado.
2026-03-22 23:51:14 [WARNING] pyarrow não encontrado — Parquet ignorado.
2026-03-22 23:51:14 [WARNING] Execute: pip install pyarrow
2026-03-22 23:51:14 [WARNING] Execute: pip install pyarrow
2026-03-22 23:51:14 [INFO] [3/4] Gravando manifesto...
2026-03-22 23:51:14 [INFO] [3/4] Gravando manifesto...
2026-03-22 23:51:14 [INFO] Manifesto → data\raw\_manifesto.json
2026-03-22 23:51:14 [INFO] Manifesto → data\raw\_manifesto.json
2026-03-22 23:51:14 [INFO] [4/4] Sumário da execução:
2026-03-22 23:51:14 [INFO] [4/4] Sumário da execução:
2026-03-22 23:51:14 [INFO] =======================================================
2026-03-22 23:51:14 [INFO] =======================================================
2026-03-22 23:51:14 [INFO]   Produtos coletados : 12
2026-03-22 23:51:14 [INFO]   Produtos coletados : 12
2026-03-22 23:51:14 [INFO]   Anos               : [2023, 2024]
2026-03-22 23:51:14 [INFO]   Anos               : [2023, 2024]
2026-03-22 23:51:14 [INFO]   Total de registros : 24
2026-03-22 23:51:14 [INFO]   Total de registros : 24
2026-03-22 23:51:14 [INFO]   Arquivos gerados   :
2026-03-22 23:51:14 [INFO]   Arquivos gerados   :
2026-03-22 23:51:14 [INFO]     CSV     → data\raw\csv\ibge_pam_brasil_2023_2024_20260322.csv
2026-03-22 23:51:14 [INFO]     CSV     → data\raw\csv\ibge_pam_brasil_2023_2024_20260322.csv
2026-03-22 23:51:14 [INFO]     JSON    → data\raw\json\ibge_pam_brasil_2023_2024_20260322.json
2026-03-22 23:51:14 [INFO]     JSON    → data\raw\json\ibge_pam_brasil_2023_2024_20260322.json
2026-03-22 23:51:14 [INFO]   Duração            : 5s
2026-03-22 23:51:14 [INFO]   Duração            : 5s
2026-03-22 23:51:14 [INFO] =======================================================
2026-03-22 23:51:14 [INFO] =======================================================
2026-03-22 23:51:14 [INFO] Pipeline concluído com sucesso.
2026-03-22 23:51:14 [INFO] Pipeline concluído com sucesso.
2026-03-22 23:52:15 [INFO] =======================================================
2026-03-22 23:52:15 [INFO] =======================================================
2026-03-22 23:52:15 [INFO] AGRO DATA PIPELINE — IBGE/SIDRA PAM Tabela 5457
2026-03-22 23:52:15 [INFO] AGRO DATA PIPELINE — IBGE/SIDRA PAM Tabela 5457
2026-03-22 23:52:15 [INFO] =======================================================
2026-03-22 23:52:15 [INFO] =======================================================
2026-03-22 23:52:15 [INFO] Anos    : [2023, 2024]
2026-03-22 23:52:15 [INFO] Anos    : [2023, 2024]
2026-03-22 23:52:15 [INFO] Nível   : brasil (n1/all)
2026-03-22 23:52:15 [INFO] Nível   : brasil (n1/all)
2026-03-22 23:52:15 [INFO] Saída   : C:\Users\Elbia\OneDrive\Área de Trabalho\AVALIACAO TECNICA  ANALISTA DE DADOS\agro-data-pipeline\data\raw
2026-03-22 23:52:15 [INFO] Saída   : C:\Users\Elbia\OneDrive\Área de Trabalho\AVALIACAO TECNICA  ANALISTA DE DADOS\agro-data-pipeline\data\raw
2026-03-22 23:52:15 [INFO] =======================================================
2026-03-22 23:52:15 [INFO] =======================================================
2026-03-22 23:52:15 [INFO] [1/4] Coletando dados da API IBGE/SIDRA...
2026-03-22 23:52:15 [INFO] [1/4] Coletando dados da API IBGE/SIDRA...
2026-03-22 23:52:15 [INFO] Coletando 20 produtos | 3 blocos | anos: [2023, 2024] | nível: brasil
2026-03-22 23:52:15 [INFO] Coletando 20 produtos | 3 blocos | anos: [2023, 2024] | nível: brasil
2026-03-22 23:52:15 [INFO] Bloco 1/3: soja, milho, algodao, amendoim, arroz, feijao, cafe, trigo
2026-03-22 23:52:15 [INFO] Bloco 1/3: soja, milho, algodao, amendoim, arroz, feijao, cafe, trigo
2026-03-22 23:52:15 [DEBUG] GET https://apisidra.ibge.gov.br/values/t/5457/n1/all/v/214,215,112,216/p/2023,2024/c782/40124,40125,40126,40127,40128,40131,40132,40133
2026-03-22 23:52:15 [DEBUG] GET https://apisidra.ibge.gov.br/values/t/5457/n1/all/v/214,215,112,216/p/2023,2024/c782/40124,40125,40126,40127,40128,40131,40132,40133
2026-03-22 23:52:16 [INFO] Bloco 1/3: 64 registros recebidos.
2026-03-22 23:52:16 [INFO] Bloco 1/3: 64 registros recebidos.
2026-03-22 23:52:19 [INFO] Bloco 2/3: cana, mandioca, sorgo, girassol, aveia, cevada, triticale, laranja
2026-03-22 23:52:19 [INFO] Bloco 2/3: cana, mandioca, sorgo, girassol, aveia, cevada, triticale, laranja
2026-03-22 23:52:19 [DEBUG] GET https://apisidra.ibge.gov.br/values/t/5457/n1/all/v/214,215,112,216/p/2023,2024/c782/40135,40138,40141,40147,40148,40149,40150,40199
2026-03-22 23:52:19 [DEBUG] GET https://apisidra.ibge.gov.br/values/t/5457/n1/all/v/214,215,112,216/p/2023,2024/c782/40135,40138,40141,40147,40148,40149,40150,40199
2026-03-22 23:52:19 [INFO] Bloco 2/3: 64 registros recebidos.
2026-03-22 23:52:19 [INFO] Bloco 2/3: 64 registros recebidos.
2026-03-22 23:52:22 [INFO] Bloco 3/3: banana, cacau, borracha, sisal
2026-03-22 23:52:22 [INFO] Bloco 3/3: banana, cacau, borracha, sisal
2026-03-22 23:52:22 [DEBUG] GET https://apisidra.ibge.gov.br/values/t/5457/n1/all/v/214,215,112,216/p/2023,2024/c782/40186,40190,40218,40228
2026-03-22 23:52:22 [DEBUG] GET https://apisidra.ibge.gov.br/values/t/5457/n1/all/v/214,215,112,216/p/2023,2024/c782/40186,40190,40218,40228
2026-03-22 23:52:22 [INFO] Bloco 3/3: 32 registros recebidos.
2026-03-22 23:52:22 [INFO] Bloco 3/3: 32 registros recebidos.
2026-03-22 23:52:22 [INFO]       24 linhas × 15 colunas coletadas.
2026-03-22 23:52:22 [INFO]       24 linhas × 15 colunas coletadas.
2026-03-22 23:52:22 [INFO] [2/4] Salvando camada Raw...
2026-03-22 23:52:22 [INFO] [2/4] Salvando camada Raw...
2026-03-22 23:52:22 [INFO] CSV     → data\raw\csv\ibge_pam_brasil_2023_2024_20260322.csv  (6.4 KB)
2026-03-22 23:52:22 [INFO] CSV     → data\raw\csv\ibge_pam_brasil_2023_2024_20260322.csv  (6.4 KB)
2026-03-22 23:52:22 [INFO] JSON    → data\raw\json\ibge_pam_brasil_2023_2024_20260322.json  (15.8 KB)
2026-03-22 23:52:22 [INFO] JSON    → data\raw\json\ibge_pam_brasil_2023_2024_20260322.json  (15.8 KB)
2026-03-22 23:52:22 [WARNING] pyarrow não encontrado — Parquet ignorado.
2026-03-22 23:52:22 [WARNING] pyarrow não encontrado — Parquet ignorado.
2026-03-22 23:52:22 [WARNING] Execute: pip install pyarrow
2026-03-22 23:52:22 [WARNING] Execute: pip install pyarrow
2026-03-22 23:52:22 [INFO] [3/4] Gravando manifesto...
2026-03-22 23:52:22 [INFO] [3/4] Gravando manifesto...
2026-03-22 23:52:22 [INFO] Manifesto → data\raw\_manifesto.json
2026-03-22 23:52:22 [INFO] Manifesto → data\raw\_manifesto.json
2026-03-22 23:52:22 [INFO] [4/4] Sumário da execução:
2026-03-22 23:52:22 [INFO] [4/4] Sumário da execução:
2026-03-22 23:52:22 [INFO] =======================================================
2026-03-22 23:52:22 [INFO] =======================================================
2026-03-22 23:52:22 [INFO]   Produtos coletados : 12
2026-03-22 23:52:22 [INFO]   Produtos coletados : 12
2026-03-22 23:52:22 [INFO]   Anos               : [2023, 2024]
2026-03-22 23:52:22 [INFO]   Anos               : [2023, 2024]
2026-03-22 23:52:22 [INFO]   Total de registros : 24
2026-03-22 23:52:22 [INFO]   Total de registros : 24
2026-03-22 23:52:22 [INFO]   Arquivos gerados   :
2026-03-22 23:52:22 [INFO]   Arquivos gerados   :
2026-03-22 23:52:22 [INFO]     CSV     → data\raw\csv\ibge_pam_brasil_2023_2024_20260322.csv
2026-03-22 23:52:22 [INFO]     CSV     → data\raw\csv\ibge_pam_brasil_2023_2024_20260322.csv
2026-03-22 23:52:22 [INFO]     JSON    → data\raw\json\ibge_pam_brasil_2023_2024_20260322.json
2026-03-22 23:52:22 [INFO]     JSON    → data\raw\json\ibge_pam_brasil_2023_2024_20260322.json
2026-03-22 23:52:22 [INFO]   Duração            : 7s
2026-03-22 23:52:22 [INFO]   Duração            : 7s
2026-03-22 23:52:22 [INFO] =======================================================
2026-03-22 23:52:22 [INFO] =======================================================
2026-03-22 23:52:22 [INFO] Pipeline concluído com sucesso.
2026-03-22 23:52:22 [INFO] Pipeline concluído com sucesso.
2026-03-22 23:58:03 [INFO] =======================================================
2026-03-22 23:58:03 [INFO] AGRO DATA PIPELINE — IBGE/SIDRA PAM Tabela 5457
2026-03-22 23:58:03 [INFO] =======================================================
2026-03-22 23:58:03 [INFO] Anos    : [2023, 2024]
2026-03-22 23:58:03 [INFO] Nível   : brasil (n1/all)
2026-03-22 23:58:03 [INFO] Saída   : C:\Users\Elbia\OneDrive\Área de Trabalho\AVALIACAO TECNICA  ANALISTA DE DADOS\agro-data-pipeline\data\raw
2026-03-22 23:58:03 [INFO] =======================================================
2026-03-22 23:58:03 [INFO] [1/4] Coletando dados da API IBGE/SIDRA...
2026-03-22 23:58:03 [INFO] Coletando 20 produtos | 3 blocos | anos: [2023, 2024] | nível: brasil
2026-03-22 23:58:03 [INFO] Bloco 1/3: soja, milho, algodao, amendoim, arroz, feijao, cafe, trigo
2026-03-22 23:58:03 [DEBUG] GET https://apisidra.ibge.gov.br/values/t/5457/n1/all/v/214,215,112,216/p/2023,2024/c782/40124,40125,40126,40127,40128,40131,40132,40133
2026-03-22 23:58:05 [INFO] Bloco 1/3: 64 registros recebidos.
2026-03-22 23:58:07 [INFO] Bloco 2/3: cana, mandioca, sorgo, girassol, aveia, cevada, triticale, laranja
2026-03-22 23:58:07 [DEBUG] GET https://apisidra.ibge.gov.br/values/t/5457/n1/all/v/214,215,112,216/p/2023,2024/c782/40135,40138,40141,40147,40148,40149,40150,40199
2026-03-22 23:58:07 [INFO] Bloco 2/3: 64 registros recebidos.
2026-03-22 23:58:09 [INFO] Bloco 3/3: banana, cacau, borracha, sisal
2026-03-22 23:58:09 [DEBUG] GET https://apisidra.ibge.gov.br/values/t/5457/n1/all/v/214,215,112,216/p/2023,2024/c782/40186,40190,40218,40228
2026-03-22 23:58:09 [INFO] Bloco 3/3: 32 registros recebidos.
2026-03-22 23:58:09 [INFO]       24 linhas × 15 colunas coletadas.
2026-03-22 23:58:09 [INFO] [2/4] Salvando camada Raw...
2026-03-22 23:58:09 [INFO] CSV     → data\raw\csv\ibge_pam_brasil_2023_2024_20260322.csv  (6.4 KB)
2026-03-22 23:58:09 [INFO] JSON    → data\raw\json\ibge_pam_brasil_2023_2024_20260322.json  (15.8 KB)
2026-03-22 23:58:09 [ERROR] pyarrow não encontrado. Execute: pip install pyarrow
2026-03-22 23:58:09 [INFO] [3/4] Gravando manifesto...
2026-03-22 23:58:09 [INFO] Manifesto → data\raw\_manifesto.json
2026-03-22 23:58:09 [INFO] [4/4] Sumário da execução:
2026-03-22 23:58:09 [INFO] =======================================================
2026-03-22 23:58:09 [INFO]   Produtos coletados : 12
2026-03-22 23:58:09 [INFO]   Anos               : [2023, 2024]
2026-03-22 23:58:09 [INFO]   Total de registros : 24
2026-03-22 23:58:09 [INFO]   Arquivos gerados   :
2026-03-22 23:58:09 [INFO]     CSV     → data\raw\csv\ibge_pam_brasil_2023_2024_20260322.csv
2026-03-22 23:58:09 [INFO]     JSON    → data\raw\json\ibge_pam_brasil_2023_2024_20260322.json
2026-03-22 23:58:09 [INFO]   Duração            : 5s
2026-03-22 23:58:09 [INFO] =======================================================
2026-03-22 23:58:09 [INFO] Pipeline concluído com sucesso.
2026-03-23 00:01:54 [INFO] =======================================================
2026-03-23 00:01:54 [INFO] AGRO DATA PIPELINE — IBGE/SIDRA PAM Tabela 5457
2026-03-23 00:01:54 [INFO] =======================================================
2026-03-23 00:01:54 [INFO] Anos    : [2023, 2024]
2026-03-23 00:01:54 [INFO] Nível   : brasil (n1/all)
2026-03-23 00:01:54 [INFO] Saída   : C:\Users\Elbia\OneDrive\Área de Trabalho\AVALIACAO TECNICA  ANALISTA DE DADOS\agro-data-pipeline\data\raw
2026-03-23 00:01:54 [INFO] =======================================================
2026-03-23 00:01:54 [INFO] [1/4] Coletando dados da API IBGE/SIDRA...
2026-03-23 00:01:54 [INFO] Coletando 20 produtos | 3 blocos | anos: [2023, 2024] | nível: brasil
2026-03-23 00:01:54 [INFO] Bloco 1/3: soja, milho, algodao, amendoim, arroz, feijao, cafe, trigo
2026-03-23 00:01:54 [DEBUG] GET https://apisidra.ibge.gov.br/values/t/5457/n1/all/v/214,215,112,216/p/2023,2024/c782/40124,40125,40126,40127,40128,40131,40132,40133
2026-03-23 00:01:56 [INFO] Bloco 1/3: 64 registros recebidos.
2026-03-23 00:01:58 [INFO] Bloco 2/3: cana, mandioca, sorgo, girassol, aveia, cevada, triticale, laranja
2026-03-23 00:01:58 [DEBUG] GET https://apisidra.ibge.gov.br/values/t/5457/n1/all/v/214,215,112,216/p/2023,2024/c782/40135,40138,40141,40147,40148,40149,40150,40199
2026-03-23 00:01:58 [INFO] Bloco 2/3: 64 registros recebidos.
2026-03-23 00:02:01 [INFO] Bloco 3/3: banana, cacau, borracha, sisal
2026-03-23 00:02:01 [DEBUG] GET https://apisidra.ibge.gov.br/values/t/5457/n1/all/v/214,215,112,216/p/2023,2024/c782/40186,40190,40218,40228
2026-03-23 00:02:01 [INFO] Bloco 3/3: 32 registros recebidos.
2026-03-23 00:02:01 [INFO]       24 linhas × 15 colunas coletadas.
2026-03-23 00:02:01 [INFO] [2/4] Salvando camada Raw...
2026-03-23 00:02:01 [INFO] CSV     → data\raw\csv\ibge_pam_brasil_2023_2024_20260323.csv  (6.4 KB)
2026-03-23 00:02:01 [INFO] JSON    → data\raw\json\ibge_pam_brasil_2023_2024_20260323.json  (15.8 KB)
2026-03-23 00:02:01 [DEBUG] pyarrow versão: 23.0.1
2026-03-23 00:02:01 [INFO] Parquet → data\raw\parquet\ibge_pam_brasil_2023_2024_20260323.parquet  (10.6 KB)
2026-03-23 00:02:01 [INFO] [3/4] Gravando manifesto...
2026-03-23 00:02:01 [INFO] Manifesto → data\raw\_manifesto.json
2026-03-23 00:02:01 [INFO] [4/4] Sumário da execução:
2026-03-23 00:02:01 [INFO] =======================================================
2026-03-23 00:02:01 [INFO]   Produtos coletados : 12
2026-03-23 00:02:01 [INFO]   Anos               : [2023, 2024]
2026-03-23 00:02:01 [INFO]   Total de registros : 24
2026-03-23 00:02:01 [INFO]   Arquivos gerados   :
2026-03-23 00:02:01 [INFO]     CSV     → data\raw\csv\ibge_pam_brasil_2023_2024_20260323.csv
2026-03-23 00:02:01 [INFO]     JSON    → data\raw\json\ibge_pam_brasil_2023_2024_20260323.json
2026-03-23 00:02:01 [INFO]     Parquet → data\raw\parquet\ibge_pam_brasil_2023_2024_20260323.parquet
2026-03-23 00:02:01 [INFO]   Duração            : 6s
2026-03-23 00:02:01 [INFO] =======================================================
2026-03-23 00:02:01 [INFO] Pipeline concluído com sucesso.
